<?xml version="1.0" encoding="UTF-8"?>
<!-- Generated by org.testng.reporters.JUnitReportReporter -->
<testsuite hostname="PROBOOK" failures="0" tests="9" name="lesson9.myTestCase" time="0.463" errors="0" timestamp="2024-09-01T20:24:47 EET" skipped="7">
  <testcase classname="lesson9.myTestCase" name="myLoginTest" time="0.275"/>
  <system-out/>
  <testcase classname="lesson9.myTestCase" name="addItemPriceAbove15" time="0.188"/>
  <system-out/>
  <testcase classname="lesson9.myTestCase" name="AddAllItemContainsLabs">
    <skipped/>
  </testcase> <!-- AddAllItemContainsLabs -->
  <system-out/>
  <testcase classname="lesson9.myTestCase" name="AddOneFoureAndSkipThem">
    <skipped/>
  </testcase> <!-- AddOneFoureAndSkipThem -->
  <system-out/>
  <testcase classname="lesson9.myTestCase" name="AddAllItemAndSkipTheThree">
    <skipped/>
  </testcase> <!-- AddAllItemAndSkipTheThree -->
  <system-out/>
  <testcase classname="lesson9.myTestCase" name="myAddItem">
    <skipped/>
  </testcase> <!-- myAddItem -->
  <system-out/>
  <testcase classname="lesson9.myTestCase" name="addOneAndSkipTheNextOne">
    <skipped/>
  </testcase> <!-- addOneAndSkipTheNextOne -->
  <system-out/>
  <testcase classname="lesson9.myTestCase" name="SkipAndAddOneTheNext">
    <skipped/>
  </testcase> <!-- SkipAndAddOneTheNext -->
  <system-out/>
  <testcase classname="lesson9.myTestCase" name="AddAllItemContainsnotLabs">
    <skipped/>
  </testcase> <!-- AddAllItemContainsnotLabs -->
  <system-out/>
</testsuite> <!-- lesson9.myTestCase -->
